2024-11-16T12:08:52.048Z [32minfo[39m: Сервер запущен на порту 5000
2024-11-16T12:09:16.489Z [32minfo[39m: Сервер запущен на порту 5000
2024-11-16T12:09:16.571Z [32minfo[39m: База данных успешно подключена
2024-11-16T12:27:47.172Z [32minfo[39m: Сервер запущен на порту 5000
2024-11-16T12:27:54.744Z [32minfo[39m: Сервер запущен на порту 5000
2024-11-16T12:28:07.114Z [32minfo[39m: Сервер запущен на порту 5000
2024-11-16T12:28:16.228Z [32minfo[39m: Сервер запущен на порту 5000
2024-11-16T12:28:18.896Z [32minfo[39m: Сервер запущен на порту 5000
2024-11-16T12:30:30.889Z [32minfo[39m: Сервер запущен на порту 5000
2024-11-16T12:30:46.193Z [32minfo[39m: Сервер запущен на порту 5000
2024-11-16T12:30:46.491Z [32minfo[39m: База данных успешно подключена
2024-11-16T12:31:39.368Z [32minfo[39m: Сервер запущен на порту 5000
2024-11-16T12:31:47.928Z [32minfo[39m: Сервер запущен на порту 5000
2024-11-16T12:32:24.187Z [32minfo[39m: Сервер запущен на порту 5000
2024-11-16T12:32:56.315Z [32minfo[39m: Сервер запущен на порту 5000
2024-11-16T12:37:50.758Z [32minfo[39m: Сервер запущен на порту 5000
2024-11-16T12:37:50.836Z [32minfo[39m: База данных успешно подключена
2024-11-16T12:42:16.299Z [32minfo[39m: Сервер запущен на порту 5000
2024-11-16T12:42:16.377Z [32minfo[39m: База данных успешно подключена
2024-11-16T12:43:55.462Z [33mwarn[39m: Пользователь не найден: user@mail.ru
2024-11-16T12:44:51.268Z [32minfo[39m: Пользователь успешно зарегистрирован: postgres@mail.ru
2024-11-16T12:44:51.357Z [32minfo[39m: Пользователь найден: postgres, userId: 1
2024-11-16T12:44:51.399Z [32minfo[39m: Пользователь найден: postgres, userId: 1
2024-11-16T12:49:03.701Z [32minfo[39m: Ответы успешно зарегистрированы для userId: 1
2024-11-16T12:49:55.577Z [33mwarn[39m: Пользователь не найден: user@mail.ru
2024-11-16T12:51:41.642Z [32minfo[39m: Сервер запущен на порту 5000
2024-11-16T12:51:41.722Z [32minfo[39m: База данных успешно подключена
2024-11-16T12:52:39.323Z [32minfo[39m: Сервер запущен на порту 5000
2024-11-16T12:52:39.395Z [32minfo[39m: База данных успешно подключена
2024-11-16T12:58:34.440Z [32minfo[39m: Сервер запущен на порту 5000
2024-11-16T12:58:34.502Z [32minfo[39m: База данных успешно подключена
2024-11-16T13:10:16.819Z [32minfo[39m: Сервер запущен на порту 5000
2024-11-16T13:10:16.886Z [32minfo[39m: База данных успешно подключена
2024-11-16T13:12:23.308Z [32minfo[39m: Сервер запущен на порту 5000
2024-11-16T13:12:23.373Z [32minfo[39m: База данных успешно подключена
2024-11-16T13:20:39.039Z [32minfo[39m: Сервер запущен на порту 5000
2024-11-16T13:24:46.158Z [32minfo[39m: Сервер запущен на порту 5000
2024-11-16T13:24:46.234Z [32minfo[39m: База данных успешно подключена
2024-11-16T13:26:41.639Z [32minfo[39m: Сервер запущен на порту 5000
2024-11-16T13:26:41.697Z [32minfo[39m: База данных успешно подключена
2024-11-16T13:29:06.920Z [32minfo[39m: Сервер запущен на порту 5000
2024-11-16T13:31:55.512Z [32minfo[39m: Сервер запущен на порту 5000
2024-11-16T13:32:00.360Z [32minfo[39m: Сервер запущен на порту 5000
2024-11-16T13:32:16.291Z [32minfo[39m: Сервер запущен на порту 5000
2024-11-16T13:32:19.120Z [32minfo[39m: Сервер запущен на порту 5000
2024-11-16T13:43:43.377Z [32minfo[39m: Сервер запущен на порту 5000
2024-11-16T13:43:46.279Z [32minfo[39m: Сервер запущен на порту 5000
2024-11-16T13:53:33.225Z [32minfo[39m: Сервер запущен на порту 5000
2024-11-16T13:53:33.443Z [32minfo[39m: База данных успешно подключена
2024-11-16T13:56:35.856Z [32minfo[39m: Сервер запущен на порту 5000
2024-11-16T13:56:35.925Z [32minfo[39m: База данных успешно подключена
2024-11-16T14:21:48.153Z [32minfo[39m: Сервер запущен на порту 5000
2024-11-16T14:21:48.247Z [32minfo[39m: База данных успешно подключена
2024-11-16T14:24:57.284Z [32minfo[39m: Сервер запущен на порту 5000
2024-11-16T14:24:57.342Z [32minfo[39m: База данных успешно подключена
2024-11-16T14:38:41.960Z [32minfo[39m: Сервер запущен на порту 5000
2024-11-16T14:38:42.034Z [32minfo[39m: База данных успешно подключена
2024-11-16T14:38:56.522Z [32minfo[39m: Пользователь успешно зарегистрирован: user@user.ru
2024-11-16T14:38:56.603Z [32minfo[39m: Пользователь найден: user, userId: 2
2024-11-16T14:38:56.848Z [32minfo[39m: Пользователь найден: user, userId: 2
2024-11-16T14:41:22.748Z [32minfo[39m: Ответы успешно зарегистрированы для userId: 2
2024-11-16T14:42:43.645Z [33mwarn[39m: Несовпадение хэшей для пользователя: user@user.ru
2024-11-16T14:42:58.140Z [33mwarn[39m: Несовпадение хэшей для пользователя: user@user.ru
2024-11-16T14:48:12.857Z [33mwarn[39m: Несовпадение хэшей для пользователя: user@user.ru
2024-11-16T14:49:05.905Z [32minfo[39m: Сервер запущен на порту 5000
2024-11-16T14:49:05.966Z [32minfo[39m: База данных успешно подключена
2024-11-16T14:49:29.735Z [32minfo[39m: Сервер запущен на порту 5000
2024-11-16T14:49:29.794Z [32minfo[39m: База данных успешно подключена
2024-11-16T14:50:22.101Z [32minfo[39m: Сервер запущен на порту 5000
2024-11-16T14:50:22.176Z [32minfo[39m: База данных успешно подключена
2024-11-16T14:54:02.302Z [32minfo[39m: Пользователь найден: user, userId: 2
2024-11-16T14:54:02.350Z [32minfo[39m: Пользователь найден: user, userId: 2
2024-11-16T15:01:34.399Z [32minfo[39m: Ответы успешно зарегистрированы для userId: 2
2024-11-16T15:02:17.509Z [32minfo[39m: Сервер запущен на порту 5000
2024-11-16T15:02:17.573Z [32minfo[39m: База данных успешно подключена
2024-11-16T15:03:01.797Z [32minfo[39m: Сервер запущен на порту 5000
2024-11-16T15:03:01.873Z [32minfo[39m: База данных успешно подключена
2024-11-16T15:03:28.822Z [32minfo[39m: Сервер запущен на порту 5000
2024-11-16T15:03:28.893Z [32minfo[39m: База данных успешно подключена
2024-11-16T15:04:33.068Z [32minfo[39m: Сервер запущен на порту 5000
2024-11-16T15:04:33.170Z [32minfo[39m: База данных успешно подключена
2024-11-16T15:37:28.723Z [32minfo[39m: Сервер запущен на порту 5000
2024-11-16T15:37:28.782Z [32minfo[39m: База данных успешно подключена
2024-11-16T15:47:43.330Z [32minfo[39m: Сервер запущен на порту 5000
2024-11-16T15:47:43.389Z [32minfo[39m: База данных успешно подключена
2024-11-16T15:49:53.914Z [32minfo[39m: Сервер запущен на порту 5000
2024-11-16T15:49:53.990Z [32minfo[39m: База данных успешно подключена
2024-11-16T15:50:37.713Z [32minfo[39m: Сервер запущен на порту 5000
2024-11-16T15:50:37.804Z [32minfo[39m: База данных успешно подключена
2024-11-16T15:52:57.492Z [33mwarn[39m: Пользователь не найден: user@mail.ru
2024-11-16T15:52:57.512Z [33mwarn[39m: Пользователь не найден: user@mail.ru
2024-11-16T15:54:02.703Z [32minfo[39m: Пользователь найден: user, userId: 2
2024-11-16T15:54:02.709Z [32minfo[39m: Пользователь найден: user, userId: 2
2024-11-16T15:55:40.866Z [32minfo[39m: Ответы успешно зарегистрированы для userId: 2
2024-11-16T15:57:40.973Z [32minfo[39m: Пользователь найден: user, userId: 2
2024-11-16T15:57:40.995Z [32minfo[39m: Пользователь найден: user, userId: 2
2024-11-16T15:58:43.469Z [32minfo[39m: Ответы успешно зарегистрированы для userId: 2
2024-11-16T16:01:17.793Z [32minfo[39m: Сервер запущен на порту 5000
2024-11-16T16:01:17.851Z [32minfo[39m: База данных успешно подключена
2024-11-16T16:02:11.369Z [32minfo[39m: Сервер запущен на порту 5000
2024-11-16T16:02:11.440Z [32minfo[39m: База данных успешно подключена
2024-11-16T16:06:54.205Z [32minfo[39m: Сервер запущен на порту 5000
2024-11-16T16:06:54.263Z [32minfo[39m: База данных успешно подключена
2024-11-16T16:14:53.845Z [32minfo[39m: Сервер запущен на порту 5000
2024-11-16T16:14:53.906Z [32minfo[39m: База данных успешно подключена
2024-11-16T19:40:25.027Z [32minfo[39m: Сервер запущен на порту 5000
2024-11-16T19:40:25.102Z [32minfo[39m: База данных успешно подключена
2024-11-17T08:37:10.977Z [32minfo[39m: Сервер запущен на порту 5000
2024-11-17T08:37:11.049Z [32minfo[39m: База данных успешно подключена
2024-11-17T08:37:38.782Z [32minfo[39m: Сервер запущен на порту 5000
2024-11-17T08:37:38.842Z [32minfo[39m: База данных успешно подключена
2024-11-24T14:00:40.280Z [32minfo[39m: Сервер запущен на порту 5000
2024-11-24T14:00:40.558Z [32minfo[39m: База данных успешно подключена
2024-11-24T14:02:43.112Z [32minfo[39m: Пользователь успешно зарегистрирован: greg@mail.ru
2024-11-24T16:02:06.936Z [32minfo[39m: Сервер запущен на порту 5000
2024-11-24T16:02:07.101Z [32minfo[39m: База данных успешно подключена
2024-11-24T17:18:58.629Z [32minfo[39m: Сервер запущен на порту 5000
2024-11-24T17:18:58.775Z [32minfo[39m: База данных успешно подключена
2024-11-24T17:51:22.454Z [32minfo[39m: Сервер запущен на порту 5000
2024-11-24T17:51:22.569Z [32minfo[39m: База данных успешно подключена
2024-11-24T17:54:09.499Z [32minfo[39m: Пользователь успешно зарегистрирован: qwerty@qwerty.ru
2024-11-24T17:54:09.617Z [32minfo[39m: Пользователь найден: qwerty, userId: 4
2024-11-24T17:54:09.750Z [32minfo[39m: Пользователь найден: qwerty, userId: 4
2024-11-24T17:55:15.195Z [32minfo[39m: Ответы успешно зарегистрированы для userId: 4
2024-11-24T17:55:54.072Z [33mwarn[39m: Пользователь не найден: qwerty@qwertry.ru
2024-11-24T17:57:34.721Z [33mwarn[39m: Пользователь не найден: qwerty@qwertry.ru
2024-11-24T17:57:54.398Z [33mwarn[39m: Несовпадение хэшей для пользователя: user@user.ru
2024-11-24T17:59:09.272Z [32minfo[39m: Пользователь успешно зарегистрирован: Greg@yandex.ru
2024-11-24T17:59:09.396Z [32minfo[39m: Пользователь найден: Greg, userId: 5
2024-11-24T17:59:09.485Z [32minfo[39m: Пользователь найден: Greg, userId: 5
2024-11-24T18:00:53.843Z [32minfo[39m: Ответы успешно зарегистрированы для userId: 5
2024-11-24T18:01:31.606Z [32minfo[39m: Успешное совпадение хэшей для пользователя: Greg@yandex.ru
2024-11-24T18:01:37.792Z [32minfo[39m: Пользователь найден: Greg@yandex.ru, userId: 5
2024-11-24T18:01:37.803Z [32minfo[39m: Пользователь найден: Greg@yandex.ru, userId: 5
2024-11-24T18:01:37.820Z [31merror[39m: Ошибка получения вопросов безопасности: Cannot read properties of null (reading 'questionId')
2024-11-24T18:02:10.058Z [32minfo[39m: Пользователь найден: Greg@yandex.ru, userId: 5
2024-11-24T18:02:10.069Z [32minfo[39m: Пользователь найден: Greg@yandex.ru, userId: 5
2024-11-24T18:02:10.120Z [31merror[39m: Ошибка получения вопросов безопасности: Cannot read properties of null (reading 'questionId')
2024-11-24T18:12:59.229Z [32minfo[39m: Пользователь найден: Greg@yandex.ru, userId: 5
2024-11-24T18:12:59.254Z [32minfo[39m: Пользователь найден: Greg@yandex.ru, userId: 5
2024-11-24T18:12:59.409Z [31merror[39m: Ошибка получения вопросов безопасности: Cannot read properties of null (reading 'questionId')
2024-11-24T18:13:54.676Z [32minfo[39m: Успешное совпадение хэшей для пользователя: qwerty@qwerty.ru
2024-11-24T18:13:57.309Z [32minfo[39m: Пользователь найден: qwerty@qwerty.ru, userId: 4
2024-11-24T18:13:57.349Z [32minfo[39m: Пользователь найден: qwerty@qwerty.ru, userId: 4
2024-11-24T18:14:22.632Z [31merror[39m: Ошибка проверки ответов: Cannot read properties of null (reading 'questionId')
2024-11-24T18:14:35.517Z [31merror[39m: Ошибка проверки ответов: Cannot read properties of null (reading 'questionId')
2024-11-24T18:14:58.941Z [31merror[39m: Ошибка проверки ответов: Cannot read properties of null (reading 'questionId')
2024-11-24T18:17:06.303Z [32minfo[39m: Пользователь успешно зарегистрирован: keks@keks.ru
2024-11-24T18:17:06.429Z [32minfo[39m: Пользователь найден: keks, userId: 6
2024-11-24T18:17:06.718Z [32minfo[39m: Пользователь найден: keks, userId: 6
2024-11-24T18:18:07.282Z [32minfo[39m: Ответы успешно зарегистрированы для userId: 6
2024-11-24T18:18:29.596Z [32minfo[39m: Успешное совпадение хэшей для пользователя: keks@keks.ru
2024-11-24T18:18:32.164Z [32minfo[39m: Пользователь найден: keks@keks.ru, userId: 6
2024-11-24T18:18:32.219Z [32minfo[39m: Пользователь найден: keks@keks.ru, userId: 6
2024-11-24T18:18:47.858Z [31merror[39m: Ошибка проверки ответов: Cannot read properties of null (reading 'questionId')
2024-11-24T18:19:11.684Z [31merror[39m: Ошибка проверки ответов: Cannot read properties of null (reading 'questionId')
2024-11-24T18:19:17.908Z [31merror[39m: Ошибка проверки ответов: Cannot read properties of null (reading 'questionId')
2024-11-24T18:22:06.575Z [31merror[39m: Ошибка проверки ответов: Cannot read properties of null (reading 'questionId')
2024-11-24T18:22:10.883Z [32minfo[39m: Пользователь найден: keks@keks.ru, userId: 6
2024-11-24T18:22:10.945Z [31merror[39m: Ошибка получения вопросов безопасности: Cannot read properties of null (reading 'questionId')
2024-11-24T18:22:17.995Z [31merror[39m: Ошибка проверки ответов: Cannot read properties of null (reading 'questionId')
2024-11-24T18:22:50.767Z [32minfo[39m: Успешное совпадение хэшей для пользователя: keks@keks.ru
2024-11-24T18:22:52.675Z [32minfo[39m: Пользователь найден: keks@keks.ru, userId: 6
2024-11-24T18:22:52.829Z [31merror[39m: Ошибка получения вопросов безопасности: Cannot read properties of null (reading 'questionId')
2024-11-24T18:22:52.858Z [32minfo[39m: Пользователь найден: keks@keks.ru, userId: 6
2024-11-24T18:23:16.275Z [31merror[39m: Ошибка получения вопросов безопасности: Cannot read properties of null (reading 'questionId')
2024-11-24T18:23:16.457Z [32minfo[39m: Пользователь найден: keks@keks.ru, userId: 6
2024-11-24T18:24:39.653Z [32minfo[39m: Пользователь успешно зарегистрирован: cat@cat.ru
2024-11-24T18:24:39.723Z [32minfo[39m: Пользователь найден: cat, userId: 7
2024-11-24T18:24:40.116Z [32minfo[39m: Пользователь найден: cat, userId: 7
2024-11-24T18:25:36.996Z [32minfo[39m: Ответы успешно зарегистрированы для userId: 7
2024-11-24T18:26:06.920Z [32minfo[39m: Успешное совпадение хэшей для пользователя: cat@cat.ru
2024-11-24T18:26:08.972Z [32minfo[39m: Пользователь найден: cat@cat.ru, userId: 7
2024-11-24T18:26:09.006Z [32minfo[39m: Пользователь найден: cat@cat.ru, userId: 7
2024-11-25T14:59:22.201Z [32minfo[39m: Сервер запущен на порту 5000
2024-11-25T14:59:22.299Z [32minfo[39m: База данных успешно подключена
2024-11-25T15:02:03.826Z [32minfo[39m: Сервер запущен на порту 5000
2024-11-25T15:02:03.946Z [32minfo[39m: База данных успешно подключена
2024-11-25T15:10:57.856Z [32minfo[39m: Сервер запущен на порту 5000
2024-11-25T15:10:57.930Z [32minfo[39m: База данных успешно подключена
2024-11-25T15:11:44.999Z [32minfo[39m: Сервер запущен на порту 5000
2024-11-25T15:11:45.092Z [32minfo[39m: База данных успешно подключена
2024-11-25T15:13:20.055Z [32minfo[39m: Сервер запущен на порту 5000
2024-11-25T15:13:20.209Z [32minfo[39m: База данных успешно подключена
2024-11-25T15:13:53.042Z [32minfo[39m: Сервер запущен на порту 5000
2024-11-25T15:13:53.154Z [32minfo[39m: База данных успешно подключена
2024-11-25T15:18:09.872Z [32minfo[39m: Сервер запущен на порту 5000
2024-11-25T15:18:09.931Z [32minfo[39m: База данных успешно подключена
2024-11-25T15:27:15.395Z [32minfo[39m: Сервер запущен на порту 5000
2024-11-25T15:27:15.486Z [32minfo[39m: База данных успешно подключена
2024-11-25T15:32:33.714Z [32minfo[39m: Сервер запущен на порту 5000
2024-11-25T15:32:33.782Z [32minfo[39m: База данных успешно подключена
2024-11-25T16:38:42.131Z [32minfo[39m: Сервер запущен на порту 5000
2024-11-25T16:38:42.200Z [32minfo[39m: База данных успешно подключена
2024-11-25T17:05:00.388Z [32minfo[39m: Сервер запущен на порту 5000
2024-11-25T17:05:00.452Z [32minfo[39m: База данных успешно подключена
2024-11-25T17:06:21.537Z [32minfo[39m: Сервер запущен на порту 5000
2024-11-25T17:06:21.600Z [32minfo[39m: База данных успешно подключена
2024-11-25T17:41:14.912Z [32minfo[39m: Сервер запущен на порту 5000
2024-11-25T17:41:14.971Z [32minfo[39m: База данных успешно подключена
2024-11-25T17:48:23.895Z [32minfo[39m: Сервер запущен на порту 5000
2024-11-25T17:48:23.967Z [32minfo[39m: База данных успешно подключена
2024-11-25T17:53:18.043Z [32minfo[39m: Сервер запущен на порту 5000
2024-11-25T17:53:18.104Z [32minfo[39m: База данных успешно подключена
2024-11-25T17:53:22.997Z [33mwarn[39m: Пользователь уже существует: user@user.ru
2024-11-25T17:53:42.733Z [31merror[39m: Ошибка регистрации пользователя: duplicate key value violates unique constraint "users_username_key"
2024-11-25T17:54:08.201Z [31merror[39m: Ошибка регистрации пользователя: duplicate key value violates unique constraint "users_username_key"
2024-11-25T17:54:22.633Z [32minfo[39m: Пользователь успешно зарегистрирован: user@yandex.com
2024-11-25T17:55:56.521Z [32minfo[39m: Пользователь успешно зарегистрирован: car@car.ru
2024-11-25T17:56:19.747Z [32minfo[39m: Успешное совпадение хэшей для пользователя: car@car.ru
2024-11-25T17:56:33.202Z [32minfo[39m: Успешное совпадение хэшей для пользователя: car@car.ru
2024-11-25T17:57:23.775Z [32minfo[39m: Успешное совпадение хэшей для пользователя: car@car.ru
2024-11-25T17:57:33.358Z [32minfo[39m: Успешное совпадение хэшей для пользователя: car@car.ru
2024-11-25T17:58:01.157Z [32minfo[39m: Пользователь успешно зарегистрирован: qwert@mail.ru
2024-11-25T17:58:20.003Z [32minfo[39m: Успешное совпадение хэшей для пользователя: qwert@mail.ru
2024-11-25T18:05:08.202Z [32minfo[39m: Успешное совпадение хэшей для пользователя: qwert@mail.ru
2024-11-25T18:06:13.437Z [32minfo[39m: Сервер запущен на порту 5000
2024-11-25T18:06:13.497Z [32minfo[39m: База данных успешно подключена
2024-11-25T18:06:16.415Z [33mwarn[39m: Email, изображение и пользователь обязательны для проверки
2024-11-25T18:06:18.985Z [33mwarn[39m: Email, изображение и пользователь обязательны для проверки
2024-11-25T18:06:34.291Z [33mwarn[39m: Email, изображение и пользователь обязательны для проверки
2024-11-25T18:07:36.406Z [32minfo[39m: Сервер запущен на порту 5000
2024-11-25T18:07:36.466Z [32minfo[39m: База данных успешно подключена
2024-11-25T18:07:39.636Z [32minfo[39m: Успешное совпадение хэшей для пользователя: qwert@mail.ru
2024-11-25T18:07:45.436Z [32minfo[39m: Успешное совпадение хэшей для пользователя: qwert@mail.ru
2024-11-25T18:15:18.740Z [32minfo[39m: Сервер запущен на порту 5000
2024-11-25T18:15:18.811Z [32minfo[39m: База данных успешно подключена
2024-11-25T18:22:44.812Z [32minfo[39m: Сервер запущен на порту 5000
2024-11-25T18:22:44.875Z [32minfo[39m: База данных успешно подключена
2024-11-25T18:25:57.149Z [32minfo[39m: Сервер запущен на порту 5000
2024-11-25T18:25:57.235Z [32minfo[39m: База данных успешно подключена
2024-11-25T18:29:04.937Z [32minfo[39m: Сервер запущен на порту 5000
2024-11-25T18:29:05.009Z [32minfo[39m: База данных успешно подключена
2024-11-25T18:31:33.728Z [32minfo[39m: Сервер запущен на порту 5000
2024-11-25T18:31:33.799Z [32minfo[39m: База данных успешно подключена
2024-11-25T18:31:37.081Z [32minfo[39m: Получен запрос OPTIONS на /register
2024-11-25T18:31:37.111Z [32minfo[39m: Получен запрос POST на /register
2024-11-25T18:32:18.378Z [32minfo[39m: Получен запрос OPTIONS на /register
2024-11-25T18:32:18.390Z [32minfo[39m: Получен запрос POST на /register
2024-11-25T18:32:24.595Z [32minfo[39m: Получен запрос OPTIONS на /register
2024-11-25T18:32:24.604Z [32minfo[39m: Получен запрос POST на /register
2024-11-25T18:32:36.802Z [32minfo[39m: Получен запрос OPTIONS на /register
2024-11-25T18:32:36.823Z [32minfo[39m: Получен запрос POST на /register
2024-11-25T18:37:07.472Z [32minfo[39m: Получен запрос OPTIONS на /register
2024-11-25T18:37:07.479Z [32minfo[39m: Получен запрос POST на /register
2024-11-25T18:37:58.369Z [32minfo[39m: Получен запрос OPTIONS на /register
2024-11-25T18:37:58.379Z [32minfo[39m: Получен запрос POST на /register
2024-11-25T18:42:01.618Z [32minfo[39m: Сервер запущен на порту 5000
2024-11-25T18:42:01.698Z [32minfo[39m: База данных успешно подключена
2024-11-25T18:42:18.523Z [32minfo[39m: Получен запрос OPTIONS на /register
2024-11-25T18:42:18.564Z [32minfo[39m: Получен запрос POST на /register
2024-11-25T18:42:18.567Z [33mwarn[39m: Отсутствуют обязательные поля для регистрации
2024-11-25T18:45:41.032Z [32minfo[39m: Сервер запущен на порту 5000
2024-11-25T18:45:41.099Z [32minfo[39m: База данных успешно подключена
2024-11-25T18:45:44.394Z [32minfo[39m: Получен запрос OPTIONS на /register
2024-11-25T18:45:44.437Z [32minfo[39m: Получен запрос POST на /register
2024-11-25T18:54:03.512Z [32minfo[39m: Сервер запущен на порту 5000
2024-11-25T18:54:03.576Z [32minfo[39m: База данных успешно подключена
2024-11-25T18:54:07.192Z [32minfo[39m: Получен запрос OPTIONS на /register
2024-11-25T18:54:07.243Z [32minfo[39m: Получен запрос POST на /register
2024-11-25T19:04:13.079Z [32minfo[39m: Сервер запущен на порту 5000
2024-11-25T19:04:13.142Z [32minfo[39m: База данных успешно подключена
2024-11-25T19:04:17.144Z [32minfo[39m: Пользователь успешно зарегистрирован: zxc@zxc.ru
2024-11-25T19:05:32.989Z [33mwarn[39m: Несовпадение хэшей для пользователя: zxc@zxc.ru
2024-11-25T19:05:38.375Z [33mwarn[39m: Несовпадение хэшей для пользователя: zxc@zxc.ru
2024-11-25T19:05:54.923Z [33mwarn[39m: Несовпадение хэшей для пользователя: zxc@zxc.ru
2024-11-25T19:06:17.421Z [33mwarn[39m: Несовпадение хэшей для пользователя: zxc@zxc.ru
2024-11-25T19:08:51.195Z [32minfo[39m: Успешное совпадение хэшей для пользователя: qwerty@qwerty.ru
2024-11-25T19:29:31.099Z [31merror[39m: Ошибка регистрации пользователя: duplicate key value violates unique constraint "users_username_key"
2024-11-25T19:29:53.675Z [31merror[39m: Ошибка регистрации пользователя: duplicate key value violates unique constraint "users_username_key"
2024-11-25T19:30:04.394Z [31merror[39m: Ошибка регистрации пользователя: duplicate key value violates unique constraint "users_username_key"
2024-11-25T19:30:37.012Z [31merror[39m: Ошибка регистрации пользователя: duplicate key value violates unique constraint "users_username_key"
2024-11-25T19:31:04.152Z [32minfo[39m: Пользователь успешно зарегистрирован: user@qwert.ru
2024-11-25T19:31:49.524Z [33mwarn[39m: Несовпадение хэшей для пользователя: user@qwert.ru
2024-11-25T19:32:23.251Z [32minfo[39m: Успешное совпадение хэшей для пользователя: user@qwert.ru
2024-11-25T19:33:36.493Z [32minfo[39m: Успешное совпадение хэшей для пользователя: user@qwert.ru
2024-11-25T20:20:58.257Z [33mwarn[39m: Несовпадение хэшей для пользователя: user@user.ru
2024-11-25T20:21:06.204Z [33mwarn[39m: Несовпадение хэшей для пользователя: user@user.ru
2024-11-25T20:21:16.032Z [33mwarn[39m: Несовпадение хэшей для пользователя: user@user.ru
2024-11-25T20:21:28.004Z [33mwarn[39m: Несовпадение хэшей для пользователя: user@user.ru
2024-11-25T20:21:44.950Z [33mwarn[39m: Несовпадение хэшей для пользователя: user@user.ru
2024-11-25T20:21:57.570Z [33mwarn[39m: Несовпадение хэшей для пользователя: user@user.ru
2024-11-25T20:22:12.829Z [33mwarn[39m: Несовпадение хэшей для пользователя: user@user.ru
2024-11-25T20:25:10.694Z [33mwarn[39m: Пользователь уже существует: qwerty@qwerty.ru
2024-11-25T20:25:17.013Z [33mwarn[39m: Пользователь уже существует: qwerty@qwerty.ru
2024-11-25T20:25:27.430Z [33mwarn[39m: Пользователь уже существует: qwerty@qwerty.ru
2024-11-25T20:25:34.110Z [32minfo[39m: Пользователь успешно зарегистрирован: qwerty2@qwerty.ru
2024-11-25T20:26:27.189Z [32minfo[39m: Успешное совпадение хэшей для пользователя: qwerty2@qwerty.ru
2024-11-25T20:27:37.247Z [32minfo[39m: Успешное совпадение хэшей для пользователя: qwerty2@qwerty.ru
